<?xml version="1.0" encoding="UTF-8"?>
<!-- Generated by org.testng.reporters.JUnitReportReporter -->
<testsuite hostname="Praveens-MBP.Home" failures="0" tests="1" name="SwagLabs.Tests.SubmitOrderTest" time="4.594" errors="0" timestamp="2023-12-13T16:41:30 GMT" skipped="0">
  <testcase classname="SwagLabs.Tests.SubmitOrderTest" name="BuyProductTest" time="4.594"/>
  <system-out/>
</testsuite> <!-- SwagLabs.Tests.SubmitOrderTest -->
