<?xml version="1.0" encoding="UTF-8"?>
<!-- Generated by org.testng.reporters.JUnitReportReporter -->
<testsuite hostname="Praveens-MBP.Home" failures="0" tests="1" name="SwagLabs.Tests.StandAloneTest" time="3.307" errors="0" timestamp="2023-12-13T16:08:28 GMT" skipped="0">
  <testcase classname="SwagLabs.Tests.StandAloneTest" name="BuyProductTest" time="3.307"/>
  <system-out/>
</testsuite> <!-- SwagLabs.Tests.StandAloneTest -->
