<?xml version="1.0" encoding="UTF-8"?>
<!-- Generated by org.testng.reporters.JUnitReportReporter -->
<testsuite hostname="Praveens-MBP.Home" failures="0" tests="1" name="SwagLabs.Tests.SubmitOrderTest" time="3.930" errors="0" timestamp="2023-12-20T07:32:25 GMT" skipped="0">
  <testcase classname="SwagLabs.Tests.SubmitOrderTest" name="BuyProductTest" time="3.930"/>
</testsuite> <!-- SwagLabs.Tests.SubmitOrderTest -->
